<?xml version="1.0" encoding="UTF-8"?>
<Site BuildName="(empty)"
	BuildStamp="20230904-1455-Experimental"
	Name="(empty)"
	Generator="ctest-3.25.1"
	CompilerName=""
	CompilerVersion=""
	OSName="Linux"
	Hostname="fiveeight-HP-Compaq-6200-Pro-SFF-PC"
	OSRelease="5.15.0-82-generic"
	OSVersion="#91-Ubuntu SMP Mon Aug 14 14:14:14 UTC 2023"
	OSPlatform="x86_64"
	Is64Bits="1"
	VendorString="GenuineIntel"
	VendorID="Intel Corporation"
	FamilyID="6"
	ModelID="42"
	ProcessorCacheSize="6144"
	NumberOfLogicalCPU="4"
	NumberOfPhysicalCPU="4"
	TotalVirtualMemory="0"
	TotalPhysicalMemory="7896"
	LogicalProcessorsPerPhysical="1"
	ProcessorClockFrequency="3239.76"
	>
	<Testing>
		<StartDateTime>Sep 04 19:58 PKT</StartDateTime>
		<StartTestTime>1693839490</StartTestTime>
		<TestList/>
		<EndDateTime>Sep 04 19:58 PKT</EndDateTime>
		<EndTestTime>1693839490</EndTestTime>
		<ElapsedMinutes>0</ElapsedMinutes>
	</Testing>
</Site>
