<?xml version="1.0" encoding="UTF-8"?>
<Site BuildName="(empty)"
	BuildStamp="20230909-1227-Experimental"
	Name="(empty)"
	Generator="ctest-3.25.1"
	CompilerName=""
	CompilerVersion=""
	OSName="Linux"
	Hostname="fiveeight-HP-Compaq-6200-Pro-SFF-PC"
	OSRelease="5.15.0-83-generic"
	OSVersion="#92-Ubuntu SMP Mon Aug 14 09:30:42 UTC 2023"
	OSPlatform="x86_64"
	Is64Bits="1"
	VendorString="GenuineIntel"
	VendorID="Intel Corporation"
	FamilyID="6"
	ModelID="42"
	ProcessorCacheSize="6144"
	NumberOfLogicalCPU="4"
	NumberOfPhysicalCPU="4"
	TotalVirtualMemory="0"
	TotalPhysicalMemory="7896"
	LogicalProcessorsPerPhysical="1"
	ProcessorClockFrequency="3405.48"
	>
	<Testing>
		<StartDateTime>Sep 09 17:27 PKT</StartDateTime>
		<StartTestTime>1694262473</StartTestTime>
		<TestList/>
		<EndDateTime>Sep 09 17:27 PKT</EndDateTime>
		<EndTestTime>1694262473</EndTestTime>
		<ElapsedMinutes>0</ElapsedMinutes>
	</Testing>
</Site>
